0000: 90 90 00     mov dptr, #9000h
0003: E0           movx a, @dptr
0004: F8           mov r0, a
0005: 90 90 01     mov dptr, #9001h
0008: E0           movx a, @dptr
0009: F9           mov r1, a
                   ; Store the reset value in  dptr
000A: 88 82        mov dpl, r0
000C: 89 83        mov dph, r1
                   start:
000E: B2 90                 cpl P1.0
0010: A8 82                 mov r0, dpl
0012: A9 83                 mov r1, dph
0014: 80 02                 sjmp wait_l
                            wait_h:
0016: 78 FF                         mov r0, #0ffh
                                    wait_l:
0018: D8 FE                                 djnz r0, wait_l
001A: D9 FA                         djnz r1, wait_h
001C: 80 F0                 sjmp start
